1592533060265	mozrunner::runner	INFO	Running command: "C:\\Program Files\\Mozilla Firefox\\firefox.exe" "-marionette" "-foreground" "-no-remote" "-profile" "C:\\Users\\ADMINI~1\\AppData\\Local\\Temp\\rust_mozprofilejNuOok"
JavaScript error: resource://gre/modules/XULStore.jsm, line 66: Error: Can't find profile directory.
1592533064712	Marionette	INFO	Listening on port 3415
1592533064796	Marionette	WARN	TLS certificate errors will be ignored for this session
JavaScript error: resource://gre/modules/NetworkGeolocationProvider.jsm, line 555: TypeError: xhr.response.location is undefined
1592533455159	Marionette	INFO	Stopped listening on port 3415

###!!! [Child][RunMessage] Error: Channel closing: too late to send/recv, messages will be lost

ers\\ADMINI~1\\AppData\\Local\\Temp\\rust_mozprofileCBwqJF"
JavaScript error: resource://gre/modules/XULStore.jsm, line 66: Error: Can't find profile directory.
1592533185451	Marionette	INFO	Listening on port 3497
1592533185550	Marionette	WARN	TLS certificate errors will be ignored for this session
JavaScript error: resource://gre/modules/NetworkGeolocationProvider.jsm, line 555: TypeError: xhr.response.location is undefined
1592533455880	Marionette	INFO	Stopped listening on port 3497

###!!! [Child][RunMessage] Error: Channel closing: too late to send/recv, messages will be lost

ers\\ADMINI~1\\AppData\\Local\\Temp\\rust_mozprofileJyzJbE"
JavaScript error: resource://gre/modules/XULStore.jsm, line 66: Error: Can't find profile directory.
1592533252868	Marionette	INFO	Listening on port 3580
1592533253287	Marionette	WARN	TLS certificate errors will be ignored for this session
1592533456929	Marionette	INFO	Stopped listening on port 3580

###!!! [Child][RunMessage] Error: Channel closing: too late to send/recv, messages will be lost


###!!! [Parent][RunMessage] Error: Channel closing: too late to send/recv, messages will be lost

ULStore.jsm, line 66: Error: Can't find profile directory.
1592533272696	Marionette	INFO	Listening on port 3643
1592533272745	Marionette	WARN	TLS certificate errors will be ignored for this session
JavaScript error: resource://gre/modules/NetworkGeolocationProvider.jsm, line 555: TypeError: xhr.response.location is undefined
1592533314950	Marionette	INFO	Stopped listening on port 3643
console.error: PushService: 
  clearOriginData: Error clearing origin data:
  TypeError

###!!! [Child][RunMessage] Error: Channel closing: too late to send/recv, messages will be lost

e/modules/XULStore.jsm, line 66: Error: Can't find profile directory.
1592533295052	Marionette	INFO	Listening on port 3746
1592533295474	Marionette	WARN	TLS certificate errors will be ignored for this session
JavaScript error: resource://gre/modules/NetworkGeolocationProvider.jsm, line 555: TypeError: xhr.response.location is undefined
1592533457842	Marionette	INFO	Stopped listening on port 3746

###!!! [Child][RunMessage] Error: Channel closing: too late to send/recv, messages will be lost

ers\\ADMINI~1\\AppData\\Local\\Temp\\rust_mozprofiles257NY"
JavaScript error: resource://gre/modules/XULStore.jsm, line 66: Error: Can't find profile directory.
1592533345864	Marionette	INFO	Listening on port 3842
1592533345908	Marionette	WARN	TLS certificate errors will be ignored for this session
JavaScript error: resource://gre/modules/NetworkGeolocationProvider.jsm, line 555: TypeError: xhr.response.location is undefined
1592533425758	Marionette	INFO	Stopped listening on port 3842

###!!! [Child][RunMessage] Error: Channel closing: too late to send/recv, messages will be lost


###!!! [Child][RunMessage] Error: Channel closing: too late to send/recv, messages will be lost

arionette	WARN	TLS certificate errors will be ignored for this session
JavaScript error: resource://gre/modules/NetworkGeolocationProvider.jsm, line 555: TypeError: xhr.response.location is undefined
JavaScript error: resource://gre/modules/NetworkGeolocationProvider.jsm, line 555: TypeError: xhr.response.location is undefined
1592533454598	Marionette	INFO	Stopped listening on port 3911
[Parent 12384, Gecko_IOThread] WARNING: file /builds/worker/checkouts/gecko/ipc/chromium/src/base/process_util_win.cc, line 166

###!!! [Child][RunMessage] Error: Channel closing: too late to send/recv, messages will be lost

1592533460760	mozrunner::runner	INFO	Running command: "C:\\Program Files\\Mozilla Firefox\\firefox.exe" "-marionette" "-foreground" "-no-remote" "-profile" "C:\\Users\\ADMINI~1\\AppData\\Local\\Temp\\rust_mozprofileNhbTB3"
JavaScript error: resource://gre/modules/XULStore.jsm, line 66: Error: Can't find profile directory.
1592533463803	Marionette	INFO	Listening on port 4007
1592533464140	Marionette	WARN	TLS certificate errors will be ignored for this session
1592533485687	Marionette	INFO	Stopped listening on port 4007
[Parent 13868, Gecko_IOThread] WARNING: file /builds/worker/checkouts/gecko/ipc/chromium/src/base/process_util_win.cc, line 166
[Parent 13868, Gecko_IOThread] WARNING: file /builds/worker/checkouts/gecko/ipc/chromium/src/base/process_util_win.cc, line 166

###!!! [Child][RunMessage] Error: Channel closing: too late to send/recv, messages will be lost

1592533523735	mozrunner::runner	INFO	Running command: "C:\\Program Files\\Mozilla Firefox\\firefox.exe" "-marionette" "-foreground" "-no-remote" "-profile" "C:\\Users\\ADMINI~1\\AppData\\Local\\Temp\\rust_mozprofile2qFbxh"
JavaScript error: resource://gre/modules/XULStore.jsm, line 66: Error: Can't find profile directory.
1592533526812	Marionette	INFO	Listening on port 4075
1592533526971	Marionette	WARN	TLS certificate errors will be ignored for this session
1592533566661	Marionette	INFO	Stopped listening on port 4075

###!!! [Child][RunMessage] Error: Channel closing: too late to send/recv, messages will be lost

1592549355398	mozrunner::runner	INFO	Running command: "C:\\Program Files\\Mozilla Firefox\\firefox.exe" "-marionette" "-foreground" "-no-remote" "-profile" "C:\\Users\\ADMINI~1\\AppData\\Local\\Temp\\rust_mozprofileJgrM8Y"
JavaScript error: resource://gre/modules/XULStore.jsm, line 66: Error: Can't find profile directory.
1592549360145	Marionette	INFO	Listening on port 41201
1592549360425	Marionette	WARN	TLS certificate errors will be ignored for this session
1592549375869	Marionette	INFO	Stopped listening on port 41201

###!!! [Child][RunMessage] Error: Channel closing: too late to send/recv, messages will be lost

1592549381565	mozrunner::runner	INFO	Running command: "C:\\Program Files\\Mozilla Firefox\\firefox.exe" "-marionette" "-foreground" "-no-remote" "-profile" "C:\\Users\\ADMINI~1\\AppData\\Local\\Temp\\rust_mozprofileb3rNNe"
JavaScript error: resource://gre/modules/XULStore.jsm, line 66: Error: Can't find profile directory.
1592549384632	Marionette	INFO	Listening on port 41345
1592549384855	Marionette	WARN	TLS certificate errors will be ignored for this session
1592549389376	Marionette	INFO	Stopped listening on port 41345

###!!! [Child][RunMessage] Error: Channel closing: too late to send/recv, messages will be lost

1592549394429	mozrunner::runner	INFO	Running command: "C:\\Program Files\\Mozilla Firefox\\firefox.exe" "-marionette" "-foreground" "-no-remote" "-profile" "C:\\Users\\ADMINI~1\\AppData\\Local\\Temp\\rust_mozprofileDm8BT5"
JavaScript error: resource://gre/modules/XULStore.jsm, line 66: Error: Can't find profile directory.
1592549397569	Marionette	INFO	Listening on port 41420
1592549397678	Marionette	WARN	TLS certificate errors will be ignored for this session
1592549401897	Marionette	INFO	Stopped listening on port 41420

###!!! [Child][RunMessage] Error: Channel closing: too late to send/recv, messages will be lost

1592549406818	mozrunner::runner	INFO	Running command: "C:\\Program Files\\Mozilla Firefox\\firefox.exe" "-marionette" "-foreground" "-no-remote" "-profile" "C:\\Users\\ADMINI~1\\AppData\\Local\\Temp\\rust_mozprofile4r8AGG"
JavaScript error: resource://gre/modules/XULStore.jsm, line 66: Error: Can't find profile directory.
1592549410385	Marionette	INFO	Listening on port 41498
1592549410653	Marionette	WARN	TLS certificate errors will be ignored for this session
1592549414314	Marionette	INFO	Stopped listening on port 41498

###!!! [Child][RunMessage] Error: Channel closing: too late to send/recv, messages will be lost

1592549419086	mozrunner::runner	INFO	Running command: "C:\\Program Files\\Mozilla Firefox\\firefox.exe" "-marionette" "-foreground" "-no-remote" "-profile" "C:\\Users\\ADMINI~1\\AppData\\Local\\Temp\\rust_mozprofiledam6kK"
JavaScript error: resource://gre/modules/XULStore.jsm, line 66: Error: Can't find profile directory.
1592549422609	Marionette	INFO	Listening on port 41578
1592549422945	Marionette	WARN	TLS certificate errors will be ignored for this session
1592549426833	Marionette	INFO	Stopped listening on port 41578

###!!! [Child][RunMessage] Error: Channel closing: too late to send/recv, messages will be lost

1592549431702	mozrunner::runner	INFO	Running command: "C:\\Program Files\\Mozilla Firefox\\firefox.exe" "-marionette" "-foreground" "-no-remote" "-profile" "C:\\Users\\ADMINI~1\\AppData\\Local\\Temp\\rust_mozprofilebKUmZC"
JavaScript error: resource://gre/modules/XULStore.jsm, line 66: Error: Can't find profile directory.
1592549435103	Marionette	INFO	Listening on port 41645
1592549435572	Marionette	WARN	TLS certificate errors will be ignored for this session
1592549439425	Marionette	INFO	Stopped listening on port 41645

###!!! [Child][RunMessage] Error: Channel closing: too late to send/recv, messages will be lost

1592549444639	mozrunner::runner	INFO	Running command: "C:\\Program Files\\Mozilla Firefox\\firefox.exe" "-marionette" "-foreground" "-no-remote" "-profile" "C:\\Users\\ADMINI~1\\AppData\\Local\\Temp\\rust_mozprofile7RZjdq"
JavaScript error: resource://gre/modules/XULStore.jsm, line 66: Error: Can't find profile directory.
1592549447928	Marionette	INFO	Listening on port 41716
1592549447975	Marionette	WARN	TLS certificate errors will be ignored for this session
1592549451859	Marionette	INFO	Stopped listening on port 41716

###!!! [Child][RunMessage] Error: Channel closing: too late to send/recv, messages will be lost

1592549456643	mozrunner::runner	INFO	Running command: "C:\\Program Files\\Mozilla Firefox\\firefox.exe" "-marionette" "-foreground" "-no-remote" "-profile" "C:\\Users\\ADMINI~1\\AppData\\Local\\Temp\\rust_mozprofileAY7GWM"
JavaScript error: resource://gre/modules/XULStore.jsm, line 66: Error: Can't find profile directory.
1592549459845	Marionette	INFO	Listening on port 41781
1592549459904	Marionette	WARN	TLS certificate errors will be ignored for this session
1592549463872	Marionette	INFO	Stopped listening on port 41781
[Parent 13520, Gecko_IOThread] WARNING: file /builds/worker/checkouts/gecko/ipc/chromium/src/base/process_util_win.cc, line 166

###!!! [Child][RunMessage] Error: Channel closing: too late to send/recv, messages will be lost

1592549468821	mozrunner::runner	INFO	Running command: "C:\\Program Files\\Mozilla Firefox\\firefox.exe" "-marionette" "-foreground" "-no-remote" "-profile" "C:\\Users\\ADMINI~1\\AppData\\Local\\Temp\\rust_mozprofileoc8nbi"
JavaScript error: resource://gre/modules/XULStore.jsm, line 66: Error: Can't find profile directory.
1592549471886	Marionette	INFO	Listening on port 41848
1592549472278	Marionette	WARN	TLS certificate errors will be ignored for this session
1592549476218	Marionette	INFO	Stopped listening on port 41848

###!!! [Child][RunMessage] Error: Channel closing: too late to send/recv, messages will be lost

1592549481115	mozrunner::runner	INFO	Running command: "C:\\Program Files\\Mozilla Firefox\\firefox.exe" "-marionette" "-foreground" "-no-remote" "-profile" "C:\\Users\\ADMINI~1\\AppData\\Local\\Temp\\rust_mozprofilebqjdcK"
JavaScript error: resource://gre/modules/XULStore.jsm, line 66: Error: Can't find profile directory.
1592549484296	Marionette	INFO	Listening on port 41905
1592549484408	Marionette	WARN	TLS certificate errors will be ignored for this session
1592549488117	Marionette	INFO	Stopped listening on port 41905
console.warn: services.settings: main/whats-new-panel sync interrupted by shutdown

###!!! [Child][RunMessage] Error: Channel closing: too late to send/recv, messages will be lost


###!!! [Child][MessageChannel::SendAndWait] Error: (msgtype=0x5E0005,name=PImageBridge::Msg_WillClose) Channel error: cannot send/recv

1592549492950	mozrunner::runner	INFO	Running command: "C:\\Program Files\\Mozilla Firefox\\firefox.exe" "-marionette" "-foreground" "-no-remote" "-profile" "C:\\Users\\ADMINI~1\\AppData\\Local\\Temp\\rust_mozprofile7LwS8I"
JavaScript error: resource://gre/modules/XULStore.jsm, line 66: Error: Can't find profile directory.
1592549496105	Marionette	INFO	Listening on port 42029
1592549496301	Marionette	WARN	TLS certificate errors will be ignored for this session
1592549500143	Marionette	INFO	Stopped listening on port 42029
